<?xml version="1.0" encoding="UTF-8"?>
<testsuites name="api_profile_suite" time="1" tests="1" failures="0" errors="0">
   <testsuite name="api_profile_suite" tests="1" failures="0" errors="0" time="1" timestamp="2018-05-21 19:08:16" hostname="sumit - 192.168.0.3" id="Test Suites/api_suite/api_profile_suite">
      <properties>
         <property name="deviceName" value=""/>
         <property name="devicePlatform" value=""/>
         <property name="logFolder" value="/Users/sumit/git/getvsm/Reports/api_suite/api_profile_suite/20180521_190814"/>
         <property name="logFiles" value="/Users/sumit/git/getvsm/Reports/api_suite/api_profile_suite/20180521_190814/execution0.log"/>
         <property name="attachments" value=""/>
         <property name="hostName" value="sumit - 192.168.0.3"/>
         <property name="hostAddress" value="192.168.0.3"/>
         <property name="os" value="Mac OS X 64bit"/>
         <property name="katalonVersion" value="5.4.1.1"/>
      </properties>
      <testcase name="Test Cases/api_testcase/TC_01_getting_profile_data" classname="Test Cases/api_testcase/TC_01_getting_profile_data" status="PASSED">
         <system-out><![CDATA[2018-05-21 19:08:17 - [TEST_CASE][PASSED] - Test Cases/api_testcase/TC_01_getting_profile_data: Test Cases/api_testcase/TC_01_getting_profile_data

2018-05-21 19:08:17 - [TEST_STEP][PASSED] - Statement - response = com.kms.katalon.core.webservice.keyword.WSBuiltInKeywords.sendRequest(com.kms.katalon.core.testobject.ObjectRepository.findTestObject(api_OB/get_profile_data_with_correct_authorization_key, [id:1])): Send request successfully

2018-05-21 19:08:18 - [MESSAGE][PASSED] - Send request successfully

2018-05-21 19:08:18 - [TEST_STEP][PASSED] - verifyResponseStatusCode: Verify response status code successfully

2018-05-21 19:08:18 - [MESSAGE][PASSED] - Verify response status code successfully

2018-05-21 19:08:18 - [TEST_STEP][PASSED] - verifyElementPropertyValue: Verify element property value successfully

2018-05-21 19:08:18 - [MESSAGE][PASSED] - Verify element property value successfully]]></system-out>
         <system-err><![CDATA[]]></system-err>
      </testcase>
      <system-out><![CDATA[2018-05-21 19:08:16 - [TEST_SUITE][PASSED] - api_profile_suite: Test Cases/api_testcase/TC_01_getting_profile_data]]></system-out>
      <system-err><![CDATA[]]></system-err>
   </testsuite>
</testsuites>
